2022-09-10 20:38:06,231 [Worker-3: Loading available Gradle versions] INFO  o.e.b.c.i.u.g.PublishedGradleVersions - Gradle version information cache is up-to-date. Trying to read.
2022-09-10 20:41:38,392 [Worker-1: https://mirror.csclub.uwaterloo.ca/eclipse/releases/2022-06/202206151000/plugins/org.eclipse.jst.j2ee.ejb.annotation.model_1.1.500.v201910291429.jar] INFO  o.a.h.c.h.i.c.HttpRequestRetryExec - Recoverable I/O exception (java.net.SocketException) caught when processing request to {s}->https://mirror.csclub.uwaterloo.ca:443
2022-09-10 20:41:38,394 [Worker-14: https://download.oracle.com/otn_software/oepe/library/jackson-1.9.13/p2.index] INFO  o.a.h.c.h.i.c.HttpRequestRetryExec - Recoverable I/O exception (java.net.SocketException) caught when processing request to {s}->https://download.oracle.com:443
2022-09-10 20:41:54,387 [Worker-6: Loading available Gradle versions] INFO  o.e.b.c.i.u.g.PublishedGradleVersions - Gradle version information cache is up-to-date. Trying to read.
2022-09-10 20:42:47,392 [Worker-5: https://download.eclipse.org/eclipse/updates/4.24/p2.index] INFO  o.a.h.c.h.i.c.HttpRequestRetryExec - Recoverable I/O exception (java.net.SocketException) caught when processing request to {s}->https://download.eclipse.org:443
2022-09-10 20:42:47,390 [Worker-14: https://mirror.umd.edu/eclipse/releases/2022-06/202206151000/plugins/org.eclipse.jem.beaninfo.vm.common_2.1.0.v202101081429.jar] INFO  o.a.h.c.h.i.c.HttpRequestRetryExec - Recoverable I/O exception (java.net.SocketException) caught when processing request to {s}->https://mirror.umd.edu:443
2022-09-10 20:42:47,390 [Worker-13: https://mirror.umd.edu/eclipse/releases/2022-06/202206151000/plugins/org.eclipse.gef_3.11.0.201606061308.jar] INFO  o.a.h.c.h.i.c.HttpRequestRetryExec - Recoverable I/O exception (java.net.SocketException) caught when processing request to {s}->https://mirror.umd.edu:443
2022-09-10 20:43:01,838 [Worker-5: Loading available Gradle versions] INFO  o.e.b.c.i.u.g.PublishedGradleVersions - Gradle version information cache is up-to-date. Trying to read.
2022-09-10 20:46:40,633 [Worker-14: https://eclipse.mirror.rafal.ca/releases/2019-03/201903201000/plugins/org.eclipse.jst.j2ee.infopop_1.0.300.v201309091923.jar] INFO  o.a.h.c.h.i.c.HttpRequestRetryExec - Recoverable I/O exception (org.apache.hc.core5.http.NoHttpResponseException) caught when processing request to {s}->https://eclipse.mirror.rafal.ca:443
2022-09-10 20:46:41,312 [Worker-5: https://eclipse.mirror.rafal.ca/releases/2019-03/201903201000/plugins/org.eclipse.jst.j2ee.navigator.ui_1.1.700.v201802082131.jar] INFO  o.a.h.c.h.i.c.HttpRequestRetryExec - Recoverable I/O exception (org.apache.hc.core5.http.NoHttpResponseException) caught when processing request to {s}->https://eclipse.mirror.rafal.ca:443
2022-09-10 20:46:53,409 [Worker-10: https://eclipse.mirror.rafal.ca/releases/2019-03/201903201000/plugins/org.eclipse.wst.jsdt.chromium.wip.eclipse_0.5.200.v201610212001.jar] INFO  o.a.h.c.h.i.c.HttpRequestRetryExec - Recoverable I/O exception (org.apache.hc.core5.http.NoHttpResponseException) caught when processing request to {s}->https://eclipse.mirror.rafal.ca:443
2022-09-10 20:46:53,899 [Worker-13: https://eclipse.mirror.rafal.ca/releases/2019-03/201903201000/plugins/org.eclipse.wst.jsdt.core_2.0.302.v201804042202.jar] INFO  o.a.h.c.h.i.c.HttpRequestRetryExec - Recoverable I/O exception (org.apache.hc.core5.http.NoHttpResponseException) caught when processing request to {s}->https://eclipse.mirror.rafal.ca:443
2022-09-10 20:46:58,620 [Worker-13: https://eclipse.mirror.rafal.ca/releases/2019-03/201903201000/plugins/org.eclipse.wst.jsdt.web.ui_1.2.0.v201901071922.jar] INFO  o.a.h.c.h.i.c.HttpRequestRetryExec - Recoverable I/O exception (org.apache.hc.core5.http.NoHttpResponseException) caught when processing request to {s}->https://eclipse.mirror.rafal.ca:443
2022-09-10 20:47:02,256 [Worker-14: https://eclipse.mirror.rafal.ca/releases/2019-03/201903201000/plugins/org.eclipse.wst.sse.doc.user_1.2.0.v201901071922.jar] INFO  o.a.h.c.h.i.c.HttpRequestRetryExec - Recoverable I/O exception (org.apache.hc.core5.http.NoHttpResponseException) caught when processing request to {s}->https://eclipse.mirror.rafal.ca:443
2022-09-10 20:50:42,264 [Worker-3: Loading available Gradle versions] INFO  o.e.b.c.i.u.g.PublishedGradleVersions - Gradle version information cache is up-to-date. Trying to read.
2022-09-10 20:51:58,172 [Worker-6: https://eclipse.mirror.rafal.ca/releases/2022-06/202206151000/plugins/org.eclipse.wst.jsdt.manipulation_1.0.601.v201903222047.jar] INFO  o.a.h.c.h.i.c.HttpRequestRetryExec - Recoverable I/O exception (org.apache.hc.core5.http.NoHttpResponseException) caught when processing request to {s}->https://eclipse.mirror.rafal.ca:443
2022-09-10 20:51:58,652 [Worker-12: https://eclipse.mirror.rafal.ca/releases/2022-06/202206151000/plugins/org.eclipse.wst.jsdt.web.ui_1.2.300.v202107272335.jar] INFO  o.a.h.c.h.i.c.HttpRequestRetryExec - Recoverable I/O exception (org.apache.hc.core5.http.NoHttpResponseException) caught when processing request to {s}->https://eclipse.mirror.rafal.ca:443
2022-09-10 20:52:48,114 [Worker-8: Loading available Gradle versions] INFO  o.e.b.c.i.u.g.PublishedGradleVersions - Gradle version information cache is up-to-date. Trying to read.
2022-09-10 20:55:32,225 [Worker-2: Enabling Maven Dependency Management] INFO  o.e.m.c.i.l.LifecycleMappingFactory - Using org.maven.ide.eclipse.wtp.WarLifecycleMapping lifecycle mapping for MavenProject: WebApp-P2-Amplifire1:WebApp-P2-Amplifire1:0.0.1-SNAPSHOT @ C:\REV_Java Projects\Project 1 - Final\WebApp-P2-Amplifire1\pom.xml.
2022-09-10 20:55:33,579 [Worker-1: Building] WARN  o.e.m.c.i.embedder.EclipseLogger - Using platform encoding (Cp1252 actually) to copy filtered resources, i.e. build is platform dependent!
2022-09-10 20:55:33,581 [Worker-1: Building] INFO  o.e.m.c.i.embedder.EclipseLogger - skip non existing resourceDirectory C:\REV_Java Projects\Project 1 - Final\WebApp-P2-Amplifire1\src\main\resources
2022-09-10 20:55:33,585 [Worker-1: Building] WARN  o.e.m.c.i.embedder.EclipseLogger - Using platform encoding (Cp1252 actually) to copy filtered resources, i.e. build is platform dependent!
2022-09-10 20:55:33,586 [Worker-1: Building] INFO  o.e.m.c.i.embedder.EclipseLogger - skip non existing resourceDirectory C:\REV_Java Projects\Project 1 - Final\WebApp-P2-Amplifire1\src\test\resources
2022-09-10 20:55:33,612 [Worker-2: Enabling Maven Dependency Management] INFO  o.e.m.j.i.AbstractJavaProjectConfigurator - Adding source folder /WebApp-P2-Amplifire1/src/main/java
2022-09-10 20:55:33,613 [Worker-2: Enabling Maven Dependency Management] INFO  o.e.m.j.i.AbstractJavaProjectConfigurator - Adding source folder /WebApp-P2-Amplifire1/src/test/java
2022-09-10 20:55:34,126 [Worker-2: Enabling Maven Dependency Management] INFO  o.e.m.c.i.p.ProjectConfigurationManager - Update started
2022-09-10 20:55:34,531 [Worker-2: Enabling Maven Dependency Management] INFO  o.e.m.c.i.l.LifecycleMappingFactory - Using org.maven.ide.eclipse.wtp.WarLifecycleMapping lifecycle mapping for MavenProject: WebApp-P2-Amplifire1:WebApp-P2-Amplifire1:0.0.1-SNAPSHOT @ C:\REV_Java Projects\Project 1 - Final\WebApp-P2-Amplifire1\pom.xml.
2022-09-10 20:55:35,339 [Worker-3: Building] WARN  o.e.m.c.i.embedder.EclipseLogger - Using platform encoding (Cp1252 actually) to copy filtered resources, i.e. build is platform dependent!
2022-09-10 20:55:35,341 [Worker-3: Building] INFO  o.e.m.c.i.embedder.EclipseLogger - skip non existing resourceDirectory C:\REV_Java Projects\Project 1 - Final\WebApp-P2-Amplifire1\src\main\resources
2022-09-10 20:55:35,344 [Worker-3: Building] WARN  o.e.m.c.i.embedder.EclipseLogger - Using platform encoding (Cp1252 actually) to copy filtered resources, i.e. build is platform dependent!
2022-09-10 20:55:35,346 [Worker-3: Building] INFO  o.e.m.c.i.embedder.EclipseLogger - skip non existing resourceDirectory C:\REV_Java Projects\Project 1 - Final\WebApp-P2-Amplifire1\src\test\resources
2022-09-10 20:55:35,347 [Worker-3: Building] INFO  o.e.m.w.i.f.ResourceFilteringBuildParticipant - Changed resources require a complete clean of filtered resources of WebApp-P2-Amplifire1
2022-09-10 20:55:35,350 [Worker-3: Building] INFO  o.e.m.w.i.f.ResourceFilteringBuildParticipant - Executing resource filtering for WebApp-P2-Amplifire1
2022-09-10 20:55:35,358 [Worker-3: Building] WARN  o.e.m.c.i.embedder.EclipseLogger - The POM for org.apache.maven.plugins:maven-clean-plugin:jar:2.5 is missing, no dependency information available
2022-09-10 20:55:35,369 [Worker-3: Building] WARN  o.e.m.c.i.embedder.EclipseLogger - Using platform encoding (Cp1252 actually) to copy filtered resources, i.e. build is platform dependent!
2022-09-10 20:55:35,395 [Worker-2: Enabling Maven Dependency Management] INFO  o.e.m.j.i.AbstractJavaProjectConfigurator - Adding source folder /WebApp-P2-Amplifire1/src/main/java
2022-09-10 20:55:35,396 [Worker-2: Enabling Maven Dependency Management] INFO  o.e.m.j.i.AbstractJavaProjectConfigurator - Adding source folder /WebApp-P2-Amplifire1/src/test/java
2022-09-10 20:55:35,593 [Worker-2: Enabling Maven Dependency Management] INFO  o.e.m.w.i.f.ResourceFilteringBuildParticipant - Cleaning filtered folder for WebApp-P2-Amplifire1
2022-09-10 20:55:35,611 [Worker-2: Enabling Maven Dependency Management] INFO  o.e.m.c.i.p.ProjectConfigurationManager - Update completed: 1 sec
2022-09-10 20:55:36,437 [Worker-8: Building] WARN  o.e.m.c.i.embedder.EclipseLogger - Using platform encoding (Cp1252 actually) to copy filtered resources, i.e. build is platform dependent!
2022-09-10 20:55:36,438 [Worker-8: Building] INFO  o.e.m.c.i.embedder.EclipseLogger - skip non existing resourceDirectory C:\REV_Java Projects\Project 1 - Final\WebApp-P2-Amplifire1\src\main\resources
2022-09-10 20:55:36,439 [Worker-8: Building] WARN  o.e.m.c.i.embedder.EclipseLogger - Using platform encoding (Cp1252 actually) to copy filtered resources, i.e. build is platform dependent!
2022-09-10 20:55:36,440 [Worker-8: Building] INFO  o.e.m.c.i.embedder.EclipseLogger - skip non existing resourceDirectory C:\REV_Java Projects\Project 1 - Final\WebApp-P2-Amplifire1\src\test\resources
2022-09-10 20:55:36,440 [Worker-8: Building] INFO  o.e.m.w.i.f.ResourceFilteringBuildParticipant - Changed resources require a complete clean of filtered resources of WebApp-P2-Amplifire1
2022-09-10 20:55:36,440 [Worker-8: Building] INFO  o.e.m.w.i.f.ResourceFilteringBuildParticipant - Executing resource filtering for WebApp-P2-Amplifire1
2022-09-10 20:55:36,443 [Worker-8: Building] WARN  o.e.m.c.i.embedder.EclipseLogger - Using platform encoding (Cp1252 actually) to copy filtered resources, i.e. build is platform dependent!
2022-09-10 20:57:36,203 [Worker-6: Enabling Maven Dependency Management] INFO  o.e.m.c.i.l.LifecycleMappingFactory - Using org.maven.ide.eclipse.wtp.WarLifecycleMapping lifecycle mapping for MavenProject: com.revature:P2-WebApp-Amplifire:0.0.1-SNAPSHOT @ C:\REV_Java Projects\Project 1 - Final\P2-WebApp-Amplifire\pom.xml.
2022-09-10 20:57:36,942 [Worker-6: Enabling Maven Dependency Management] INFO  o.e.m.j.i.AbstractJavaProjectConfigurator - Adding source folder /P2-WebApp-Amplifire/src/main/java
2022-09-10 20:57:36,943 [Worker-6: Enabling Maven Dependency Management] INFO  o.e.m.j.i.AbstractJavaProjectConfigurator - Adding source folder /P2-WebApp-Amplifire/src/test/java
2022-09-10 20:57:37,307 [Worker-6: Enabling Maven Dependency Management] INFO  o.e.m.c.i.p.ProjectConfigurationManager - Update started
2022-09-10 20:57:37,537 [Worker-6: Enabling Maven Dependency Management] INFO  o.e.m.c.i.l.LifecycleMappingFactory - Using org.maven.ide.eclipse.wtp.WarLifecycleMapping lifecycle mapping for MavenProject: com.revature:P2-WebApp-Amplifire:0.0.1-SNAPSHOT @ C:\REV_Java Projects\Project 1 - Final\P2-WebApp-Amplifire\pom.xml.
2022-09-10 20:57:38,034 [Worker-6: Enabling Maven Dependency Management] INFO  o.e.m.j.i.AbstractJavaProjectConfigurator - Adding source folder /P2-WebApp-Amplifire/src/main/java
2022-09-10 20:57:38,035 [Worker-6: Enabling Maven Dependency Management] INFO  o.e.m.j.i.AbstractJavaProjectConfigurator - Adding source folder /P2-WebApp-Amplifire/src/test/java
2022-09-10 20:57:38,253 [Worker-6: Enabling Maven Dependency Management] INFO  o.e.m.w.i.f.ResourceFilteringBuildParticipant - Cleaning filtered folder for P2-WebApp-Amplifire
2022-09-10 20:57:38,264 [Worker-6: Enabling Maven Dependency Management] INFO  o.e.m.c.i.p.ProjectConfigurationManager - Update completed: 0 sec
2022-09-10 20:57:38,389 [Worker-6: Building] WARN  o.e.m.c.i.embedder.EclipseLogger - Using platform encoding (Cp1252 actually) to copy filtered resources, i.e. build is platform dependent!
2022-09-10 20:57:38,390 [Worker-6: Building] INFO  o.e.m.c.i.embedder.EclipseLogger - skip non existing resourceDirectory C:\REV_Java Projects\Project 1 - Final\P2-WebApp-Amplifire\src\main\resources
2022-09-10 20:57:38,393 [Worker-6: Building] WARN  o.e.m.c.i.embedder.EclipseLogger - Using platform encoding (Cp1252 actually) to copy filtered resources, i.e. build is platform dependent!
2022-09-10 20:57:38,394 [Worker-6: Building] INFO  o.e.m.c.i.embedder.EclipseLogger - skip non existing resourceDirectory C:\REV_Java Projects\Project 1 - Final\P2-WebApp-Amplifire\src\test\resources
2022-09-10 20:57:38,394 [Worker-6: Building] INFO  o.e.m.w.i.f.ResourceFilteringBuildParticipant - Changed resources require a complete clean of filtered resources of P2-WebApp-Amplifire
2022-09-10 20:57:38,395 [Worker-6: Building] INFO  o.e.m.w.i.f.ResourceFilteringBuildParticipant - Executing resource filtering for P2-WebApp-Amplifire
2022-09-10 20:57:38,400 [Worker-6: Building] WARN  o.e.m.c.i.embedder.EclipseLogger - Using platform encoding (Cp1252 actually) to copy filtered resources, i.e. build is platform dependent!
2022-09-10 20:58:28,177 [Worker-9: Building] WARN  o.e.m.c.i.embedder.EclipseLogger - Using platform encoding (Cp1252 actually) to copy filtered resources, i.e. build is platform dependent!
2022-09-10 20:58:28,178 [Worker-9: Building] INFO  o.e.m.c.i.embedder.EclipseLogger - skip non existing resourceDirectory C:\REV_Java Projects\Project 1 - Final\P2-WebApp-Amplifire\src\main\resources
2022-09-10 20:58:28,179 [Worker-9: Building] WARN  o.e.m.c.i.embedder.EclipseLogger - Using platform encoding (Cp1252 actually) to copy filtered resources, i.e. build is platform dependent!
2022-09-10 20:58:28,180 [Worker-9: Building] INFO  o.e.m.c.i.embedder.EclipseLogger - skip non existing resourceDirectory C:\REV_Java Projects\Project 1 - Final\P2-WebApp-Amplifire\src\test\resources
2022-09-10 20:59:09,443 [Worker-1: Building] WARN  o.e.m.c.i.embedder.EclipseLogger - Using platform encoding (Cp1252 actually) to copy filtered resources, i.e. build is platform dependent!
2022-09-10 20:59:09,444 [Worker-1: Building] INFO  o.e.m.c.i.embedder.EclipseLogger - skip non existing resourceDirectory C:\REV_Java Projects\Project 1 - Final\P2-WebApp-Amplifire\src\main\resources
2022-09-10 20:59:09,445 [Worker-1: Building] WARN  o.e.m.c.i.embedder.EclipseLogger - Using platform encoding (Cp1252 actually) to copy filtered resources, i.e. build is platform dependent!
2022-09-10 20:59:09,446 [Worker-1: Building] INFO  o.e.m.c.i.embedder.EclipseLogger - skip non existing resourceDirectory C:\REV_Java Projects\Project 1 - Final\P2-WebApp-Amplifire\src\test\resources
2022-09-10 21:01:21,442 [Worker-2: Building] WARN  o.e.m.c.i.embedder.EclipseLogger - Using platform encoding (Cp1252 actually) to copy filtered resources, i.e. build is platform dependent!
2022-09-10 21:01:21,443 [Worker-2: Building] INFO  o.e.m.c.i.embedder.EclipseLogger - skip non existing resourceDirectory C:\REV_Java Projects\Project 1 - Final\P2-WebApp-Amplifire\src\main\resources
2022-09-10 21:01:21,444 [Worker-2: Building] WARN  o.e.m.c.i.embedder.EclipseLogger - Using platform encoding (Cp1252 actually) to copy filtered resources, i.e. build is platform dependent!
2022-09-10 21:01:21,445 [Worker-2: Building] INFO  o.e.m.c.i.embedder.EclipseLogger - skip non existing resourceDirectory C:\REV_Java Projects\Project 1 - Final\P2-WebApp-Amplifire\src\test\resources
2022-09-10 21:01:26,895 [Worker-6: Building] WARN  o.e.m.c.i.embedder.EclipseLogger - Using platform encoding (Cp1252 actually) to copy filtered resources, i.e. build is platform dependent!
2022-09-10 21:01:26,896 [Worker-6: Building] INFO  o.e.m.c.i.embedder.EclipseLogger - skip non existing resourceDirectory C:\REV_Java Projects\Project 1 - Final\P2-WebApp-Amplifire\src\main\resources
2022-09-10 21:01:26,896 [Worker-6: Building] WARN  o.e.m.c.i.embedder.EclipseLogger - Using platform encoding (Cp1252 actually) to copy filtered resources, i.e. build is platform dependent!
2022-09-10 21:01:26,897 [Worker-6: Building] INFO  o.e.m.c.i.embedder.EclipseLogger - skip non existing resourceDirectory C:\REV_Java Projects\Project 1 - Final\P2-WebApp-Amplifire\src\test\resources
2022-09-10 21:01:42,297 [Worker-9: Building] WARN  o.e.m.c.i.embedder.EclipseLogger - Using platform encoding (Cp1252 actually) to copy filtered resources, i.e. build is platform dependent!
2022-09-10 21:01:42,298 [Worker-9: Building] INFO  o.e.m.c.i.embedder.EclipseLogger - skip non existing resourceDirectory C:\REV_Java Projects\Project 1 - Final\P2-WebApp-Amplifire\src\main\resources
2022-09-10 21:01:42,299 [Worker-9: Building] WARN  o.e.m.c.i.embedder.EclipseLogger - Using platform encoding (Cp1252 actually) to copy filtered resources, i.e. build is platform dependent!
2022-09-10 21:01:42,300 [Worker-9: Building] INFO  o.e.m.c.i.embedder.EclipseLogger - skip non existing resourceDirectory C:\REV_Java Projects\Project 1 - Final\P2-WebApp-Amplifire\src\test\resources
2022-09-10 21:02:33,519 [Worker-1: Building] WARN  o.e.m.c.i.embedder.EclipseLogger - Using platform encoding (Cp1252 actually) to copy filtered resources, i.e. build is platform dependent!
2022-09-10 21:02:33,520 [Worker-1: Building] INFO  o.e.m.c.i.embedder.EclipseLogger - skip non existing resourceDirectory C:\REV_Java Projects\Project 1 - Final\P2-WebApp-Amplifire\src\main\resources
2022-09-10 21:02:33,521 [Worker-1: Building] WARN  o.e.m.c.i.embedder.EclipseLogger - Using platform encoding (Cp1252 actually) to copy filtered resources, i.e. build is platform dependent!
2022-09-10 21:02:33,521 [Worker-1: Building] INFO  o.e.m.c.i.embedder.EclipseLogger - skip non existing resourceDirectory C:\REV_Java Projects\Project 1 - Final\P2-WebApp-Amplifire\src\test\resources
2022-09-10 21:03:28,700 [Worker-2: Building] WARN  o.e.m.c.i.embedder.EclipseLogger - Using platform encoding (Cp1252 actually) to copy filtered resources, i.e. build is platform dependent!
2022-09-10 21:03:28,701 [Worker-2: Building] INFO  o.e.m.c.i.embedder.EclipseLogger - skip non existing resourceDirectory C:\REV_Java Projects\Project 1 - Final\P2-WebApp-Amplifire\src\main\resources
2022-09-10 21:03:28,701 [Worker-2: Building] WARN  o.e.m.c.i.embedder.EclipseLogger - Using platform encoding (Cp1252 actually) to copy filtered resources, i.e. build is platform dependent!
2022-09-10 21:03:28,703 [Worker-2: Building] INFO  o.e.m.c.i.embedder.EclipseLogger - skip non existing resourceDirectory C:\REV_Java Projects\Project 1 - Final\P2-WebApp-Amplifire\src\test\resources
2022-09-10 21:03:32,866 [Worker-9: Building] WARN  o.e.m.c.i.embedder.EclipseLogger - Using platform encoding (Cp1252 actually) to copy filtered resources, i.e. build is platform dependent!
2022-09-10 21:03:32,867 [Worker-9: Building] INFO  o.e.m.c.i.embedder.EclipseLogger - skip non existing resourceDirectory C:\REV_Java Projects\Project 1 - Final\P2-WebApp-Amplifire\src\main\resources
2022-09-10 21:03:32,868 [Worker-9: Building] WARN  o.e.m.c.i.embedder.EclipseLogger - Using platform encoding (Cp1252 actually) to copy filtered resources, i.e. build is platform dependent!
2022-09-10 21:03:32,869 [Worker-9: Building] INFO  o.e.m.c.i.embedder.EclipseLogger - skip non existing resourceDirectory C:\REV_Java Projects\Project 1 - Final\P2-WebApp-Amplifire\src\test\resources
2022-09-10 21:04:03,978 [Worker-9: Building] WARN  o.e.m.c.i.embedder.EclipseLogger - Using platform encoding (Cp1252 actually) to copy filtered resources, i.e. build is platform dependent!
2022-09-10 21:04:03,980 [Worker-9: Building] INFO  o.e.m.c.i.embedder.EclipseLogger - skip non existing resourceDirectory C:\REV_Java Projects\Project 1 - Final\P2-WebApp-Amplifire\src\main\resources
2022-09-10 21:04:03,980 [Worker-9: Building] WARN  o.e.m.c.i.embedder.EclipseLogger - Using platform encoding (Cp1252 actually) to copy filtered resources, i.e. build is platform dependent!
2022-09-10 21:04:03,981 [Worker-9: Building] INFO  o.e.m.c.i.embedder.EclipseLogger - skip non existing resourceDirectory C:\REV_Java Projects\Project 1 - Final\P2-WebApp-Amplifire\src\test\resources
2022-09-10 21:04:08,165 [Worker-3: Building] WARN  o.e.m.c.i.embedder.EclipseLogger - Using platform encoding (Cp1252 actually) to copy filtered resources, i.e. build is platform dependent!
2022-09-10 21:04:08,166 [Worker-3: Building] INFO  o.e.m.c.i.embedder.EclipseLogger - skip non existing resourceDirectory C:\REV_Java Projects\Project 1 - Final\P2-WebApp-Amplifire\src\main\resources
2022-09-10 21:04:08,166 [Worker-3: Building] WARN  o.e.m.c.i.embedder.EclipseLogger - Using platform encoding (Cp1252 actually) to copy filtered resources, i.e. build is platform dependent!
2022-09-10 21:04:08,167 [Worker-3: Building] INFO  o.e.m.c.i.embedder.EclipseLogger - skip non existing resourceDirectory C:\REV_Java Projects\Project 1 - Final\P2-WebApp-Amplifire\src\test\resources
2022-09-10 21:11:14,319 [Worker-2: Building] WARN  o.e.m.c.i.embedder.EclipseLogger - Using platform encoding (Cp1252 actually) to copy filtered resources, i.e. build is platform dependent!
2022-09-10 21:11:14,320 [Worker-2: Building] INFO  o.e.m.c.i.embedder.EclipseLogger - skip non existing resourceDirectory C:\REV_Java Projects\Project 1 - Final\P2-WebApp-Amplifire\src\main\resources
2022-09-10 21:11:14,321 [Worker-2: Building] WARN  o.e.m.c.i.embedder.EclipseLogger - Using platform encoding (Cp1252 actually) to copy filtered resources, i.e. build is platform dependent!
2022-09-10 21:11:14,322 [Worker-2: Building] INFO  o.e.m.c.i.embedder.EclipseLogger - skip non existing resourceDirectory C:\REV_Java Projects\Project 1 - Final\P2-WebApp-Amplifire\src\test\resources
2022-09-10 21:11:24,992 [Worker-12: Building] WARN  o.e.m.c.i.embedder.EclipseLogger - Using platform encoding (Cp1252 actually) to copy filtered resources, i.e. build is platform dependent!
2022-09-10 21:11:24,993 [Worker-12: Building] INFO  o.e.m.c.i.embedder.EclipseLogger - skip non existing resourceDirectory C:\REV_Java Projects\Project 1 - Final\P2-WebApp-Amplifire\src\main\resources
2022-09-10 21:11:24,994 [Worker-12: Building] WARN  o.e.m.c.i.embedder.EclipseLogger - Using platform encoding (Cp1252 actually) to copy filtered resources, i.e. build is platform dependent!
2022-09-10 21:11:24,995 [Worker-12: Building] INFO  o.e.m.c.i.embedder.EclipseLogger - skip non existing resourceDirectory C:\REV_Java Projects\Project 1 - Final\P2-WebApp-Amplifire\src\test\resources
2022-09-10 21:11:37,889 [Worker-12: Building] WARN  o.e.m.c.i.embedder.EclipseLogger - Using platform encoding (Cp1252 actually) to copy filtered resources, i.e. build is platform dependent!
2022-09-10 21:11:37,890 [Worker-12: Building] INFO  o.e.m.c.i.embedder.EclipseLogger - skip non existing resourceDirectory C:\REV_Java Projects\Project 1 - Final\P2-WebApp-Amplifire\src\main\resources
2022-09-10 21:11:37,891 [Worker-12: Building] WARN  o.e.m.c.i.embedder.EclipseLogger - Using platform encoding (Cp1252 actually) to copy filtered resources, i.e. build is platform dependent!
2022-09-10 21:11:37,892 [Worker-12: Building] INFO  o.e.m.c.i.embedder.EclipseLogger - skip non existing resourceDirectory C:\REV_Java Projects\Project 1 - Final\P2-WebApp-Amplifire\src\test\resources
2022-09-10 21:11:49,241 [Worker-15: Building] WARN  o.e.m.c.i.embedder.EclipseLogger - Using platform encoding (Cp1252 actually) to copy filtered resources, i.e. build is platform dependent!
2022-09-10 21:11:49,242 [Worker-15: Building] INFO  o.e.m.c.i.embedder.EclipseLogger - skip non existing resourceDirectory C:\REV_Java Projects\Project 1 - Final\P2-WebApp-Amplifire\src\main\resources
2022-09-10 21:11:49,243 [Worker-15: Building] WARN  o.e.m.c.i.embedder.EclipseLogger - Using platform encoding (Cp1252 actually) to copy filtered resources, i.e. build is platform dependent!
2022-09-10 21:11:49,243 [Worker-15: Building] INFO  o.e.m.c.i.embedder.EclipseLogger - skip non existing resourceDirectory C:\REV_Java Projects\Project 1 - Final\P2-WebApp-Amplifire\src\test\resources
2022-09-10 21:12:00,060 [Worker-12: Building] WARN  o.e.m.c.i.embedder.EclipseLogger - Using platform encoding (Cp1252 actually) to copy filtered resources, i.e. build is platform dependent!
2022-09-10 21:12:00,061 [Worker-12: Building] INFO  o.e.m.c.i.embedder.EclipseLogger - skip non existing resourceDirectory C:\REV_Java Projects\Project 1 - Final\P2-WebApp-Amplifire\src\main\resources
2022-09-10 21:12:00,063 [Worker-12: Building] WARN  o.e.m.c.i.embedder.EclipseLogger - Using platform encoding (Cp1252 actually) to copy filtered resources, i.e. build is platform dependent!
2022-09-10 21:12:00,064 [Worker-12: Building] INFO  o.e.m.c.i.embedder.EclipseLogger - skip non existing resourceDirectory C:\REV_Java Projects\Project 1 - Final\P2-WebApp-Amplifire\src\test\resources
2022-09-10 21:12:31,560 [Worker-14: Building] WARN  o.e.m.c.i.embedder.EclipseLogger - Using platform encoding (Cp1252 actually) to copy filtered resources, i.e. build is platform dependent!
2022-09-10 21:12:31,561 [Worker-14: Building] INFO  o.e.m.c.i.embedder.EclipseLogger - skip non existing resourceDirectory C:\REV_Java Projects\Project 1 - Final\P2-WebApp-Amplifire\src\main\resources
2022-09-10 21:12:31,562 [Worker-14: Building] WARN  o.e.m.c.i.embedder.EclipseLogger - Using platform encoding (Cp1252 actually) to copy filtered resources, i.e. build is platform dependent!
2022-09-10 21:12:31,563 [Worker-14: Building] INFO  o.e.m.c.i.embedder.EclipseLogger - skip non existing resourceDirectory C:\REV_Java Projects\Project 1 - Final\P2-WebApp-Amplifire\src\test\resources
2022-09-10 21:12:42,326 [Worker-12: Building] WARN  o.e.m.c.i.embedder.EclipseLogger - Using platform encoding (Cp1252 actually) to copy filtered resources, i.e. build is platform dependent!
2022-09-10 21:12:42,327 [Worker-12: Building] INFO  o.e.m.c.i.embedder.EclipseLogger - skip non existing resourceDirectory C:\REV_Java Projects\Project 1 - Final\P2-WebApp-Amplifire\src\main\resources
2022-09-10 21:12:42,327 [Worker-12: Building] WARN  o.e.m.c.i.embedder.EclipseLogger - Using platform encoding (Cp1252 actually) to copy filtered resources, i.e. build is platform dependent!
2022-09-10 21:12:42,328 [Worker-12: Building] INFO  o.e.m.c.i.embedder.EclipseLogger - skip non existing resourceDirectory C:\REV_Java Projects\Project 1 - Final\P2-WebApp-Amplifire\src\test\resources
2022-09-10 21:13:20,022 [Worker-12: Building] WARN  o.e.m.c.i.embedder.EclipseLogger - Using platform encoding (Cp1252 actually) to copy filtered resources, i.e. build is platform dependent!
2022-09-10 21:13:20,023 [Worker-12: Building] INFO  o.e.m.c.i.embedder.EclipseLogger - skip non existing resourceDirectory C:\REV_Java Projects\Project 1 - Final\P2-WebApp-Amplifire\src\main\resources
2022-09-10 21:13:20,024 [Worker-12: Building] WARN  o.e.m.c.i.embedder.EclipseLogger - Using platform encoding (Cp1252 actually) to copy filtered resources, i.e. build is platform dependent!
2022-09-10 21:13:20,025 [Worker-12: Building] INFO  o.e.m.c.i.embedder.EclipseLogger - skip non existing resourceDirectory C:\REV_Java Projects\Project 1 - Final\P2-WebApp-Amplifire\src\test\resources
2022-09-10 21:18:20,579 [Worker-14: Building] WARN  o.e.m.c.i.embedder.EclipseLogger - Using platform encoding (Cp1252 actually) to copy filtered resources, i.e. build is platform dependent!
2022-09-10 21:18:20,580 [Worker-14: Building] INFO  o.e.m.c.i.embedder.EclipseLogger - skip non existing resourceDirectory C:\REV_Java Projects\Project 1 - Final\P2-WebApp-Amplifire\src\main\resources
2022-09-10 21:18:20,581 [Worker-14: Building] WARN  o.e.m.c.i.embedder.EclipseLogger - Using platform encoding (Cp1252 actually) to copy filtered resources, i.e. build is platform dependent!
2022-09-10 21:18:20,582 [Worker-14: Building] INFO  o.e.m.c.i.embedder.EclipseLogger - skip non existing resourceDirectory C:\REV_Java Projects\Project 1 - Final\P2-WebApp-Amplifire\src\test\resources
2022-09-10 21:20:14,453 [Worker-14: Building] WARN  o.e.m.c.i.embedder.EclipseLogger - Using platform encoding (Cp1252 actually) to copy filtered resources, i.e. build is platform dependent!
2022-09-10 21:20:14,454 [Worker-14: Building] INFO  o.e.m.c.i.embedder.EclipseLogger - skip non existing resourceDirectory C:\REV_Java Projects\Project 1 - Final\P2-WebApp-Amplifire\src\main\resources
2022-09-10 21:20:14,455 [Worker-14: Building] WARN  o.e.m.c.i.embedder.EclipseLogger - Using platform encoding (Cp1252 actually) to copy filtered resources, i.e. build is platform dependent!
2022-09-10 21:20:14,456 [Worker-14: Building] INFO  o.e.m.c.i.embedder.EclipseLogger - skip non existing resourceDirectory C:\REV_Java Projects\Project 1 - Final\P2-WebApp-Amplifire\src\test\resources
2022-09-10 21:37:26,004 [Worker-23: Building] WARN  o.e.m.c.i.embedder.EclipseLogger - Using platform encoding (Cp1252 actually) to copy filtered resources, i.e. build is platform dependent!
2022-09-10 21:37:26,006 [Worker-23: Building] INFO  o.e.m.c.i.embedder.EclipseLogger - skip non existing resourceDirectory C:\REV_Java Projects\Project 1 - Final\P2-WebApp-Amplifire\src\main\resources
2022-09-10 21:37:26,007 [Worker-23: Building] WARN  o.e.m.c.i.embedder.EclipseLogger - Using platform encoding (Cp1252 actually) to copy filtered resources, i.e. build is platform dependent!
2022-09-10 21:37:26,008 [Worker-23: Building] INFO  o.e.m.c.i.embedder.EclipseLogger - skip non existing resourceDirectory C:\REV_Java Projects\Project 1 - Final\P2-WebApp-Amplifire\src\test\resources
2022-09-10 21:40:43,079 [Worker-27: Building] INFO  o.e.m.c.i.l.LifecycleMappingFactory - Using org.maven.ide.eclipse.wtp.WarLifecycleMapping lifecycle mapping for MavenProject: com.revature:P2-WebApp-Amplifire:0.0.1-SNAPSHOT @ C:\REV_Java Projects\Project 1 - Final\P2-WebApp-Amplifire\pom.xml.
2022-09-10 21:40:43,444 [Worker-27: Building] WARN  o.e.m.c.i.embedder.EclipseLogger - Using platform encoding (Cp1252 actually) to copy filtered resources, i.e. build is platform dependent!
2022-09-10 21:40:43,445 [Worker-27: Building] INFO  o.e.m.c.i.embedder.EclipseLogger - skip non existing resourceDirectory C:\REV_Java Projects\Project 1 - Final\P2-WebApp-Amplifire\src\main\resources
2022-09-10 21:40:43,447 [Worker-27: Building] WARN  o.e.m.c.i.embedder.EclipseLogger - Using platform encoding (Cp1252 actually) to copy filtered resources, i.e. build is platform dependent!
2022-09-10 21:40:43,448 [Worker-27: Building] INFO  o.e.m.c.i.embedder.EclipseLogger - skip non existing resourceDirectory C:\REV_Java Projects\Project 1 - Final\P2-WebApp-Amplifire\src\test\resources
2022-09-10 21:40:43,448 [Worker-27: Building] INFO  o.e.m.w.i.f.ResourceFilteringBuildParticipant - Changed resources require a complete clean of filtered resources of P2-WebApp-Amplifire
2022-09-10 21:40:43,448 [Worker-27: Building] INFO  o.e.m.w.i.f.ResourceFilteringBuildParticipant - Executing resource filtering for P2-WebApp-Amplifire
2022-09-10 21:40:43,451 [Worker-27: Building] WARN  o.e.m.c.i.embedder.EclipseLogger - Using platform encoding (Cp1252 actually) to copy filtered resources, i.e. build is platform dependent!
2022-09-10 21:47:39,349 [Worker-32: Building] WARN  o.e.m.c.i.embedder.EclipseLogger - Using platform encoding (Cp1252 actually) to copy filtered resources, i.e. build is platform dependent!
2022-09-10 21:47:39,358 [Worker-32: Building] INFO  o.e.m.c.i.embedder.EclipseLogger - skip non existing resourceDirectory C:\REV_Java Projects\Project 1 - Final\P2-WebApp-Amplifire\src\main\resources
2022-09-10 21:47:39,360 [Worker-32: Building] WARN  o.e.m.c.i.embedder.EclipseLogger - Using platform encoding (Cp1252 actually) to copy filtered resources, i.e. build is platform dependent!
2022-09-10 21:47:39,362 [Worker-32: Building] INFO  o.e.m.c.i.embedder.EclipseLogger - skip non existing resourceDirectory C:\REV_Java Projects\Project 1 - Final\P2-WebApp-Amplifire\src\test\resources
2022-09-10 21:48:43,056 [Worker-35: Building] WARN  o.e.m.c.i.embedder.EclipseLogger - Using platform encoding (Cp1252 actually) to copy filtered resources, i.e. build is platform dependent!
2022-09-10 21:48:43,057 [Worker-35: Building] INFO  o.e.m.c.i.embedder.EclipseLogger - skip non existing resourceDirectory C:\REV_Java Projects\Project 1 - Final\P2-WebApp-Amplifire\src\main\resources
2022-09-10 21:48:43,058 [Worker-35: Building] WARN  o.e.m.c.i.embedder.EclipseLogger - Using platform encoding (Cp1252 actually) to copy filtered resources, i.e. build is platform dependent!
2022-09-10 21:48:43,059 [Worker-35: Building] INFO  o.e.m.c.i.embedder.EclipseLogger - skip non existing resourceDirectory C:\REV_Java Projects\Project 1 - Final\P2-WebApp-Amplifire\src\test\resources
2022-09-10 21:51:00,562 [Worker-37: Building] WARN  o.e.m.c.i.embedder.EclipseLogger - Using platform encoding (Cp1252 actually) to copy filtered resources, i.e. build is platform dependent!
2022-09-10 21:51:00,563 [Worker-37: Building] INFO  o.e.m.c.i.embedder.EclipseLogger - skip non existing resourceDirectory C:\REV_Java Projects\Project 1 - Final\P2-WebApp-Amplifire\src\main\resources
2022-09-10 21:51:00,564 [Worker-37: Building] WARN  o.e.m.c.i.embedder.EclipseLogger - Using platform encoding (Cp1252 actually) to copy filtered resources, i.e. build is platform dependent!
2022-09-10 21:51:00,565 [Worker-37: Building] INFO  o.e.m.c.i.embedder.EclipseLogger - skip non existing resourceDirectory C:\REV_Java Projects\Project 1 - Final\P2-WebApp-Amplifire\src\test\resources
2022-09-10 21:59:20,478 [Worker-39: Building] WARN  o.e.m.c.i.embedder.EclipseLogger - Using platform encoding (Cp1252 actually) to copy filtered resources, i.e. build is platform dependent!
2022-09-10 21:59:20,479 [Worker-39: Building] INFO  o.e.m.c.i.embedder.EclipseLogger - skip non existing resourceDirectory C:\REV_Java Projects\Project 1 - Final\P2-WebApp-Amplifire\src\main\resources
2022-09-10 21:59:20,480 [Worker-39: Building] WARN  o.e.m.c.i.embedder.EclipseLogger - Using platform encoding (Cp1252 actually) to copy filtered resources, i.e. build is platform dependent!
2022-09-10 21:59:20,480 [Worker-39: Building] INFO  o.e.m.c.i.embedder.EclipseLogger - skip non existing resourceDirectory C:\REV_Java Projects\Project 1 - Final\P2-WebApp-Amplifire\src\test\resources
2022-09-10 22:03:14,312 [Worker-40: Building] WARN  o.e.m.c.i.embedder.EclipseLogger - Using platform encoding (Cp1252 actually) to copy filtered resources, i.e. build is platform dependent!
2022-09-10 22:03:14,314 [Worker-40: Building] INFO  o.e.m.c.i.embedder.EclipseLogger - skip non existing resourceDirectory C:\REV_Java Projects\Project 1 - Final\P2-WebApp-Amplifire\src\main\resources
2022-09-10 22:03:14,315 [Worker-40: Building] WARN  o.e.m.c.i.embedder.EclipseLogger - Using platform encoding (Cp1252 actually) to copy filtered resources, i.e. build is platform dependent!
2022-09-10 22:03:14,316 [Worker-40: Building] INFO  o.e.m.c.i.embedder.EclipseLogger - skip non existing resourceDirectory C:\REV_Java Projects\Project 1 - Final\P2-WebApp-Amplifire\src\test\resources
2022-09-10 22:03:24,424 [Worker-40: Building] WARN  o.e.m.c.i.embedder.EclipseLogger - Using platform encoding (Cp1252 actually) to copy filtered resources, i.e. build is platform dependent!
2022-09-10 22:03:24,425 [Worker-40: Building] INFO  o.e.m.c.i.embedder.EclipseLogger - skip non existing resourceDirectory C:\REV_Java Projects\Project 1 - Final\P2-WebApp-Amplifire\src\main\resources
2022-09-10 22:03:24,426 [Worker-40: Building] WARN  o.e.m.c.i.embedder.EclipseLogger - Using platform encoding (Cp1252 actually) to copy filtered resources, i.e. build is platform dependent!
2022-09-10 22:03:24,427 [Worker-40: Building] INFO  o.e.m.c.i.embedder.EclipseLogger - skip non existing resourceDirectory C:\REV_Java Projects\Project 1 - Final\P2-WebApp-Amplifire\src\test\resources
2022-09-10 22:04:00,542 [Worker-24: Building] WARN  o.e.m.c.i.embedder.EclipseLogger - Using platform encoding (Cp1252 actually) to copy filtered resources, i.e. build is platform dependent!
2022-09-10 22:04:00,544 [Worker-24: Building] INFO  o.e.m.c.i.embedder.EclipseLogger - skip non existing resourceDirectory C:\REV_Java Projects\Project 1 - Final\P2-WebApp-Amplifire\src\main\resources
2022-09-10 22:04:00,544 [Worker-24: Building] WARN  o.e.m.c.i.embedder.EclipseLogger - Using platform encoding (Cp1252 actually) to copy filtered resources, i.e. build is platform dependent!
2022-09-10 22:04:00,545 [Worker-24: Building] INFO  o.e.m.c.i.embedder.EclipseLogger - skip non existing resourceDirectory C:\REV_Java Projects\Project 1 - Final\P2-WebApp-Amplifire\src\test\resources
2022-09-10 22:04:14,292 [Worker-38: Building] WARN  o.e.m.c.i.embedder.EclipseLogger - Using platform encoding (Cp1252 actually) to copy filtered resources, i.e. build is platform dependent!
2022-09-10 22:04:14,293 [Worker-38: Building] INFO  o.e.m.c.i.embedder.EclipseLogger - skip non existing resourceDirectory C:\REV_Java Projects\Project 1 - Final\P2-WebApp-Amplifire\src\main\resources
2022-09-10 22:04:14,294 [Worker-38: Building] WARN  o.e.m.c.i.embedder.EclipseLogger - Using platform encoding (Cp1252 actually) to copy filtered resources, i.e. build is platform dependent!
2022-09-10 22:04:14,295 [Worker-38: Building] INFO  o.e.m.c.i.embedder.EclipseLogger - skip non existing resourceDirectory C:\REV_Java Projects\Project 1 - Final\P2-WebApp-Amplifire\src\test\resources
2022-09-10 22:04:27,464 [Worker-24: Building] WARN  o.e.m.c.i.embedder.EclipseLogger - Using platform encoding (Cp1252 actually) to copy filtered resources, i.e. build is platform dependent!
2022-09-10 22:04:27,465 [Worker-24: Building] INFO  o.e.m.c.i.embedder.EclipseLogger - skip non existing resourceDirectory C:\REV_Java Projects\Project 1 - Final\P2-WebApp-Amplifire\src\main\resources
2022-09-10 22:04:27,466 [Worker-24: Building] WARN  o.e.m.c.i.embedder.EclipseLogger - Using platform encoding (Cp1252 actually) to copy filtered resources, i.e. build is platform dependent!
2022-09-10 22:04:27,467 [Worker-24: Building] INFO  o.e.m.c.i.embedder.EclipseLogger - skip non existing resourceDirectory C:\REV_Java Projects\Project 1 - Final\P2-WebApp-Amplifire\src\test\resources
2022-09-10 22:04:39,430 [Worker-41: Building] WARN  o.e.m.c.i.embedder.EclipseLogger - Using platform encoding (Cp1252 actually) to copy filtered resources, i.e. build is platform dependent!
2022-09-10 22:04:39,431 [Worker-41: Building] INFO  o.e.m.c.i.embedder.EclipseLogger - skip non existing resourceDirectory C:\REV_Java Projects\Project 1 - Final\P2-WebApp-Amplifire\src\main\resources
2022-09-10 22:04:39,431 [Worker-41: Building] WARN  o.e.m.c.i.embedder.EclipseLogger - Using platform encoding (Cp1252 actually) to copy filtered resources, i.e. build is platform dependent!
2022-09-10 22:04:39,432 [Worker-41: Building] INFO  o.e.m.c.i.embedder.EclipseLogger - skip non existing resourceDirectory C:\REV_Java Projects\Project 1 - Final\P2-WebApp-Amplifire\src\test\resources
2022-09-10 22:04:53,190 [Worker-41: Building] WARN  o.e.m.c.i.embedder.EclipseLogger - Using platform encoding (Cp1252 actually) to copy filtered resources, i.e. build is platform dependent!
2022-09-10 22:04:53,191 [Worker-41: Building] INFO  o.e.m.c.i.embedder.EclipseLogger - skip non existing resourceDirectory C:\REV_Java Projects\Project 1 - Final\P2-WebApp-Amplifire\src\main\resources
2022-09-10 22:04:53,192 [Worker-41: Building] WARN  o.e.m.c.i.embedder.EclipseLogger - Using platform encoding (Cp1252 actually) to copy filtered resources, i.e. build is platform dependent!
2022-09-10 22:04:53,193 [Worker-41: Building] INFO  o.e.m.c.i.embedder.EclipseLogger - skip non existing resourceDirectory C:\REV_Java Projects\Project 1 - Final\P2-WebApp-Amplifire\src\test\resources
2022-09-10 22:08:48,944 [Worker-42: Building] WARN  o.e.m.c.i.embedder.EclipseLogger - Using platform encoding (Cp1252 actually) to copy filtered resources, i.e. build is platform dependent!
2022-09-10 22:08:48,945 [Worker-42: Building] INFO  o.e.m.c.i.embedder.EclipseLogger - skip non existing resourceDirectory C:\REV_Java Projects\Project 1 - Final\P2-WebApp-Amplifire\src\main\resources
2022-09-10 22:08:48,945 [Worker-42: Building] WARN  o.e.m.c.i.embedder.EclipseLogger - Using platform encoding (Cp1252 actually) to copy filtered resources, i.e. build is platform dependent!
2022-09-10 22:08:48,946 [Worker-42: Building] INFO  o.e.m.c.i.embedder.EclipseLogger - skip non existing resourceDirectory C:\REV_Java Projects\Project 1 - Final\P2-WebApp-Amplifire\src\test\resources
2022-09-10 22:09:41,868 [Worker-42: Building] WARN  o.e.m.c.i.embedder.EclipseLogger - Using platform encoding (Cp1252 actually) to copy filtered resources, i.e. build is platform dependent!
2022-09-10 22:09:41,869 [Worker-42: Building] INFO  o.e.m.c.i.embedder.EclipseLogger - skip non existing resourceDirectory C:\REV_Java Projects\Project 1 - Final\P2-WebApp-Amplifire\src\main\resources
2022-09-10 22:09:41,869 [Worker-42: Building] WARN  o.e.m.c.i.embedder.EclipseLogger - Using platform encoding (Cp1252 actually) to copy filtered resources, i.e. build is platform dependent!
2022-09-10 22:09:41,870 [Worker-42: Building] INFO  o.e.m.c.i.embedder.EclipseLogger - skip non existing resourceDirectory C:\REV_Java Projects\Project 1 - Final\P2-WebApp-Amplifire\src\test\resources
2022-09-10 22:10:30,328 [Worker-42: Building] WARN  o.e.m.c.i.embedder.EclipseLogger - Using platform encoding (Cp1252 actually) to copy filtered resources, i.e. build is platform dependent!
2022-09-10 22:10:30,328 [Worker-42: Building] INFO  o.e.m.c.i.embedder.EclipseLogger - skip non existing resourceDirectory C:\REV_Java Projects\Project 1 - Final\P2-WebApp-Amplifire\src\main\resources
2022-09-10 22:10:30,329 [Worker-42: Building] WARN  o.e.m.c.i.embedder.EclipseLogger - Using platform encoding (Cp1252 actually) to copy filtered resources, i.e. build is platform dependent!
2022-09-10 22:10:30,330 [Worker-42: Building] INFO  o.e.m.c.i.embedder.EclipseLogger - skip non existing resourceDirectory C:\REV_Java Projects\Project 1 - Final\P2-WebApp-Amplifire\src\test\resources
2022-09-10 22:10:57,603 [Worker-42: Building] WARN  o.e.m.c.i.embedder.EclipseLogger - Using platform encoding (Cp1252 actually) to copy filtered resources, i.e. build is platform dependent!
2022-09-10 22:10:57,604 [Worker-42: Building] INFO  o.e.m.c.i.embedder.EclipseLogger - skip non existing resourceDirectory C:\REV_Java Projects\Project 1 - Final\P2-WebApp-Amplifire\src\main\resources
2022-09-10 22:10:57,605 [Worker-42: Building] WARN  o.e.m.c.i.embedder.EclipseLogger - Using platform encoding (Cp1252 actually) to copy filtered resources, i.e. build is platform dependent!
2022-09-10 22:10:57,606 [Worker-42: Building] INFO  o.e.m.c.i.embedder.EclipseLogger - skip non existing resourceDirectory C:\REV_Java Projects\Project 1 - Final\P2-WebApp-Amplifire\src\test\resources
2022-09-10 22:12:02,932 [Worker-42: Building] WARN  o.e.m.c.i.embedder.EclipseLogger - Using platform encoding (Cp1252 actually) to copy filtered resources, i.e. build is platform dependent!
2022-09-10 22:12:02,933 [Worker-42: Building] INFO  o.e.m.c.i.embedder.EclipseLogger - skip non existing resourceDirectory C:\REV_Java Projects\Project 1 - Final\P2-WebApp-Amplifire\src\main\resources
2022-09-10 22:12:02,934 [Worker-42: Building] WARN  o.e.m.c.i.embedder.EclipseLogger - Using platform encoding (Cp1252 actually) to copy filtered resources, i.e. build is platform dependent!
2022-09-10 22:12:02,935 [Worker-42: Building] INFO  o.e.m.c.i.embedder.EclipseLogger - skip non existing resourceDirectory C:\REV_Java Projects\Project 1 - Final\P2-WebApp-Amplifire\src\test\resources
2022-09-10 22:18:20,850 [Worker-42: Building] WARN  o.e.m.c.i.embedder.EclipseLogger - Using platform encoding (Cp1252 actually) to copy filtered resources, i.e. build is platform dependent!
2022-09-10 22:18:20,850 [Worker-42: Building] INFO  o.e.m.c.i.embedder.EclipseLogger - skip non existing resourceDirectory C:\REV_Java Projects\Project 1 - Final\P2-WebApp-Amplifire\src\main\resources
2022-09-10 22:18:20,852 [Worker-42: Building] WARN  o.e.m.c.i.embedder.EclipseLogger - Using platform encoding (Cp1252 actually) to copy filtered resources, i.e. build is platform dependent!
2022-09-10 22:18:20,853 [Worker-42: Building] INFO  o.e.m.c.i.embedder.EclipseLogger - skip non existing resourceDirectory C:\REV_Java Projects\Project 1 - Final\P2-WebApp-Amplifire\src\test\resources
2022-09-10 22:19:04,213 [Worker-44: Building] WARN  o.e.m.c.i.embedder.EclipseLogger - Using platform encoding (Cp1252 actually) to copy filtered resources, i.e. build is platform dependent!
2022-09-10 22:19:04,214 [Worker-44: Building] INFO  o.e.m.c.i.embedder.EclipseLogger - skip non existing resourceDirectory C:\REV_Java Projects\Project 1 - Final\P2-WebApp-Amplifire\src\main\resources
2022-09-10 22:19:04,215 [Worker-44: Building] WARN  o.e.m.c.i.embedder.EclipseLogger - Using platform encoding (Cp1252 actually) to copy filtered resources, i.e. build is platform dependent!
2022-09-10 22:19:04,216 [Worker-44: Building] INFO  o.e.m.c.i.embedder.EclipseLogger - skip non existing resourceDirectory C:\REV_Java Projects\Project 1 - Final\P2-WebApp-Amplifire\src\test\resources
2022-09-10 22:20:44,665 [Worker-46: Building] WARN  o.e.m.c.i.embedder.EclipseLogger - Using platform encoding (Cp1252 actually) to copy filtered resources, i.e. build is platform dependent!
2022-09-10 22:20:44,666 [Worker-46: Building] INFO  o.e.m.c.i.embedder.EclipseLogger - skip non existing resourceDirectory C:\REV_Java Projects\Project 1 - Final\P2-WebApp-Amplifire\src\main\resources
2022-09-10 22:20:44,666 [Worker-46: Building] WARN  o.e.m.c.i.embedder.EclipseLogger - Using platform encoding (Cp1252 actually) to copy filtered resources, i.e. build is platform dependent!
2022-09-10 22:20:44,667 [Worker-46: Building] INFO  o.e.m.c.i.embedder.EclipseLogger - skip non existing resourceDirectory C:\REV_Java Projects\Project 1 - Final\P2-WebApp-Amplifire\src\test\resources
2022-09-10 22:23:48,425 [Worker-42: Building] WARN  o.e.m.c.i.embedder.EclipseLogger - Using platform encoding (Cp1252 actually) to copy filtered resources, i.e. build is platform dependent!
2022-09-10 22:23:48,426 [Worker-42: Building] INFO  o.e.m.c.i.embedder.EclipseLogger - skip non existing resourceDirectory C:\REV_Java Projects\Project 1 - Final\P2-WebApp-Amplifire\src\main\resources
2022-09-10 22:23:48,426 [Worker-42: Building] WARN  o.e.m.c.i.embedder.EclipseLogger - Using platform encoding (Cp1252 actually) to copy filtered resources, i.e. build is platform dependent!
2022-09-10 22:23:48,427 [Worker-42: Building] INFO  o.e.m.c.i.embedder.EclipseLogger - skip non existing resourceDirectory C:\REV_Java Projects\Project 1 - Final\P2-WebApp-Amplifire\src\test\resources
2022-09-10 22:24:36,429 [Worker-47: Updating Maven Project] INFO  o.e.m.c.i.p.ProjectConfigurationManager - Update started
2022-09-10 22:24:36,642 [Worker-47: Updating Maven Project] INFO  o.e.m.c.i.l.LifecycleMappingFactory - Using org.maven.ide.eclipse.wtp.WarLifecycleMapping lifecycle mapping for MavenProject: com.revature:P2-WebApp-Amplifire:0.0.1-SNAPSHOT @ C:\REV_Java Projects\Project 1 - Final\P2-WebApp-Amplifire\pom.xml.
2022-09-10 22:24:36,994 [Worker-47: Updating Maven Project] INFO  o.e.m.j.i.AbstractJavaProjectConfigurator - Adding source folder /P2-WebApp-Amplifire/src/main/java
2022-09-10 22:24:36,995 [Worker-47: Updating Maven Project] INFO  o.e.m.j.i.AbstractJavaProjectConfigurator - Adding source folder /P2-WebApp-Amplifire/src/test/java
2022-09-10 22:24:37,118 [Worker-47: Updating Maven Project] INFO  o.e.m.w.i.f.ResourceFilteringBuildParticipant - Cleaning filtered folder for P2-WebApp-Amplifire
2022-09-10 22:24:37,124 [Worker-47: Updating Maven Project] INFO  o.e.m.c.i.p.ProjectConfigurationManager - Update completed: 0 sec
2022-09-10 22:24:37,281 [Worker-51: Building] WARN  o.e.m.c.i.embedder.EclipseLogger - Using platform encoding (Cp1252 actually) to copy filtered resources, i.e. build is platform dependent!
2022-09-10 22:24:37,282 [Worker-51: Building] INFO  o.e.m.c.i.embedder.EclipseLogger - skip non existing resourceDirectory C:\REV_Java Projects\Project 1 - Final\P2-WebApp-Amplifire\src\main\resources
2022-09-10 22:24:37,283 [Worker-51: Building] WARN  o.e.m.c.i.embedder.EclipseLogger - Using platform encoding (Cp1252 actually) to copy filtered resources, i.e. build is platform dependent!
2022-09-10 22:24:37,285 [Worker-51: Building] INFO  o.e.m.c.i.embedder.EclipseLogger - skip non existing resourceDirectory C:\REV_Java Projects\Project 1 - Final\P2-WebApp-Amplifire\src\test\resources
2022-09-10 22:24:37,285 [Worker-51: Building] INFO  o.e.m.w.i.f.ResourceFilteringBuildParticipant - Changed resources require a complete clean of filtered resources of P2-WebApp-Amplifire
2022-09-10 22:24:37,285 [Worker-51: Building] INFO  o.e.m.w.i.f.ResourceFilteringBuildParticipant - Executing resource filtering for P2-WebApp-Amplifire
2022-09-10 22:24:37,288 [Worker-51: Building] WARN  o.e.m.c.i.embedder.EclipseLogger - Using platform encoding (Cp1252 actually) to copy filtered resources, i.e. build is platform dependent!
2022-09-10 22:26:20,720 [Worker-44: Building] WARN  o.e.m.c.i.embedder.EclipseLogger - Using platform encoding (Cp1252 actually) to copy filtered resources, i.e. build is platform dependent!
2022-09-10 22:26:20,728 [Worker-44: Building] INFO  o.e.m.c.i.embedder.EclipseLogger - skip non existing resourceDirectory C:\REV_Java Projects\Project 1 - Final\P2-WebApp-Amplifire\src\main\resources
2022-09-10 22:26:20,729 [Worker-44: Building] WARN  o.e.m.c.i.embedder.EclipseLogger - Using platform encoding (Cp1252 actually) to copy filtered resources, i.e. build is platform dependent!
2022-09-10 22:26:20,730 [Worker-44: Building] INFO  o.e.m.c.i.embedder.EclipseLogger - skip non existing resourceDirectory C:\REV_Java Projects\Project 1 - Final\P2-WebApp-Amplifire\src\test\resources
2022-09-10 22:26:40,182 [Worker-50: Building] WARN  o.e.m.c.i.embedder.EclipseLogger - Using platform encoding (Cp1252 actually) to copy filtered resources, i.e. build is platform dependent!
2022-09-10 22:26:40,183 [Worker-50: Building] INFO  o.e.m.c.i.embedder.EclipseLogger - skip non existing resourceDirectory C:\REV_Java Projects\Project 1 - Final\P2-WebApp-Amplifire\src\main\resources
2022-09-10 22:26:40,184 [Worker-50: Building] WARN  o.e.m.c.i.embedder.EclipseLogger - Using platform encoding (Cp1252 actually) to copy filtered resources, i.e. build is platform dependent!
2022-09-10 22:26:40,184 [Worker-50: Building] INFO  o.e.m.c.i.embedder.EclipseLogger - skip non existing resourceDirectory C:\REV_Java Projects\Project 1 - Final\P2-WebApp-Amplifire\src\test\resources
2022-09-10 22:28:36,204 [Worker-53: Updating Maven Project] INFO  o.e.m.c.i.p.ProjectConfigurationManager - Update started
2022-09-10 22:28:36,365 [Worker-53: Updating Maven Project] INFO  o.e.m.c.i.l.LifecycleMappingFactory - Using org.maven.ide.eclipse.wtp.WarLifecycleMapping lifecycle mapping for MavenProject: com.revature:P2-WebApp-Amplifire:0.0.1-SNAPSHOT @ C:\REV_Java Projects\Project 1 - Final\P2-WebApp-Amplifire\pom.xml.
2022-09-10 22:28:36,741 [Worker-53: Updating Maven Project] INFO  o.e.m.j.i.AbstractJavaProjectConfigurator - Adding source folder /P2-WebApp-Amplifire/src/main/java
2022-09-10 22:28:36,741 [Worker-53: Updating Maven Project] INFO  o.e.m.j.i.AbstractJavaProjectConfigurator - Adding source folder /P2-WebApp-Amplifire/src/test/java
2022-09-10 22:28:36,861 [Worker-53: Updating Maven Project] INFO  o.e.m.w.i.f.ResourceFilteringBuildParticipant - Cleaning filtered folder for P2-WebApp-Amplifire
2022-09-10 22:28:36,868 [Worker-53: Updating Maven Project] INFO  o.e.m.c.i.p.ProjectConfigurationManager - Update completed: 0 sec
2022-09-10 22:28:37,082 [Worker-55: Building] WARN  o.e.m.c.i.embedder.EclipseLogger - Using platform encoding (Cp1252 actually) to copy filtered resources, i.e. build is platform dependent!
2022-09-10 22:28:37,082 [Worker-55: Building] INFO  o.e.m.c.i.embedder.EclipseLogger - skip non existing resourceDirectory C:\REV_Java Projects\Project 1 - Final\P2-WebApp-Amplifire\src\main\resources
2022-09-10 22:28:37,083 [Worker-55: Building] WARN  o.e.m.c.i.embedder.EclipseLogger - Using platform encoding (Cp1252 actually) to copy filtered resources, i.e. build is platform dependent!
2022-09-10 22:28:37,084 [Worker-55: Building] INFO  o.e.m.c.i.embedder.EclipseLogger - skip non existing resourceDirectory C:\REV_Java Projects\Project 1 - Final\P2-WebApp-Amplifire\src\test\resources
2022-09-10 22:28:37,085 [Worker-55: Building] INFO  o.e.m.w.i.f.ResourceFilteringBuildParticipant - Changed resources require a complete clean of filtered resources of P2-WebApp-Amplifire
2022-09-10 22:28:37,085 [Worker-55: Building] INFO  o.e.m.w.i.f.ResourceFilteringBuildParticipant - Executing resource filtering for P2-WebApp-Amplifire
2022-09-10 22:28:37,087 [Worker-55: Building] WARN  o.e.m.c.i.embedder.EclipseLogger - Using platform encoding (Cp1252 actually) to copy filtered resources, i.e. build is platform dependent!
2022-09-10 22:30:06,997 [Worker-55: Building] WARN  o.e.m.c.i.embedder.EclipseLogger - Using platform encoding (Cp1252 actually) to copy filtered resources, i.e. build is platform dependent!
2022-09-10 22:30:06,999 [Worker-55: Building] INFO  o.e.m.c.i.embedder.EclipseLogger - skip non existing resourceDirectory C:\REV_Java Projects\Project 1 - Final\P2-WebApp-Amplifire\src\main\resources
2022-09-10 22:30:06,999 [Worker-55: Building] WARN  o.e.m.c.i.embedder.EclipseLogger - Using platform encoding (Cp1252 actually) to copy filtered resources, i.e. build is platform dependent!
2022-09-10 22:30:07,000 [Worker-55: Building] INFO  o.e.m.c.i.embedder.EclipseLogger - skip non existing resourceDirectory C:\REV_Java Projects\Project 1 - Final\P2-WebApp-Amplifire\src\test\resources
2022-09-10 22:30:24,882 [Worker-51: Updating Maven Project] INFO  o.e.m.c.i.p.ProjectConfigurationManager - Update started
2022-09-10 22:30:25,041 [Worker-51: Updating Maven Project] INFO  o.e.m.c.i.l.LifecycleMappingFactory - Using org.maven.ide.eclipse.wtp.WarLifecycleMapping lifecycle mapping for MavenProject: com.revature:P2-WebApp-Amplifire:0.0.1-SNAPSHOT @ C:\REV_Java Projects\Project 1 - Final\P2-WebApp-Amplifire\pom.xml.
2022-09-10 22:30:25,381 [Worker-51: Updating Maven Project] INFO  o.e.m.j.i.AbstractJavaProjectConfigurator - Adding source folder /P2-WebApp-Amplifire/src/main/java
2022-09-10 22:30:25,381 [Worker-51: Updating Maven Project] INFO  o.e.m.j.i.AbstractJavaProjectConfigurator - Adding source folder /P2-WebApp-Amplifire/src/test/java
2022-09-10 22:30:25,504 [Worker-51: Updating Maven Project] INFO  o.e.m.w.i.f.ResourceFilteringBuildParticipant - Cleaning filtered folder for P2-WebApp-Amplifire
2022-09-10 22:30:25,511 [Worker-51: Updating Maven Project] INFO  o.e.m.c.i.p.ProjectConfigurationManager - Update completed: 0 sec
2022-09-10 22:30:25,730 [Worker-56: Building] WARN  o.e.m.c.i.embedder.EclipseLogger - Using platform encoding (Cp1252 actually) to copy filtered resources, i.e. build is platform dependent!
2022-09-10 22:30:25,731 [Worker-56: Building] INFO  o.e.m.c.i.embedder.EclipseLogger - skip non existing resourceDirectory C:\REV_Java Projects\Project 1 - Final\P2-WebApp-Amplifire\src\main\resources
2022-09-10 22:30:25,732 [Worker-56: Building] WARN  o.e.m.c.i.embedder.EclipseLogger - Using platform encoding (Cp1252 actually) to copy filtered resources, i.e. build is platform dependent!
2022-09-10 22:30:25,733 [Worker-56: Building] INFO  o.e.m.c.i.embedder.EclipseLogger - skip non existing resourceDirectory C:\REV_Java Projects\Project 1 - Final\P2-WebApp-Amplifire\src\test\resources
2022-09-10 22:30:25,734 [Worker-56: Building] INFO  o.e.m.w.i.f.ResourceFilteringBuildParticipant - Changed resources require a complete clean of filtered resources of P2-WebApp-Amplifire
2022-09-10 22:30:25,734 [Worker-56: Building] INFO  o.e.m.w.i.f.ResourceFilteringBuildParticipant - Executing resource filtering for P2-WebApp-Amplifire
2022-09-10 22:30:25,736 [Worker-56: Building] WARN  o.e.m.c.i.embedder.EclipseLogger - Using platform encoding (Cp1252 actually) to copy filtered resources, i.e. build is platform dependent!
2022-09-10 22:36:59,294 [Worker-62: Building] WARN  o.e.m.c.i.embedder.EclipseLogger - Using platform encoding (Cp1252 actually) to copy filtered resources, i.e. build is platform dependent!
2022-09-10 22:36:59,295 [Worker-62: Building] INFO  o.e.m.c.i.embedder.EclipseLogger - skip non existing resourceDirectory C:\REV_Java Projects\Project 1 - Final\P2-WebApp-Amplifire\src\main\resources
2022-09-10 22:36:59,296 [Worker-62: Building] WARN  o.e.m.c.i.embedder.EclipseLogger - Using platform encoding (Cp1252 actually) to copy filtered resources, i.e. build is platform dependent!
2022-09-10 22:36:59,297 [Worker-62: Building] INFO  o.e.m.c.i.embedder.EclipseLogger - skip non existing resourceDirectory C:\REV_Java Projects\Project 1 - Final\P2-WebApp-Amplifire\src\test\resources
2022-09-10 22:46:24,622 [Worker-1: Loading available Gradle versions] INFO  o.e.b.c.i.u.g.PublishedGradleVersions - Gradle version information cache is up-to-date. Trying to read.
2022-09-10 22:46:27,528 [Worker-5: Building] WARN  o.e.m.c.i.embedder.EclipseLogger - Using platform encoding (Cp1252 actually) to copy filtered resources, i.e. build is platform dependent!
2022-09-10 22:46:27,530 [Worker-5: Building] INFO  o.e.m.c.i.embedder.EclipseLogger - skip non existing resourceDirectory C:\REV_Java Projects\Project 1 - Final\P2-WebApp-Amplifire\src\main\resources
